<?xml version="1.0" encoding="UTF-8"?>
<!-- Generated by org.testng.reporters.JUnitXMLReporter -->
<testsuite ignored="0" hostname="LP-5CG0275X4Y" failures="0" tests="5" name="Default test" time="97.336" errors="0" timestamp="2023-08-21T12:56:55 IST">
  <testcase classname="Functionality.MainPage" name="Case1_MenuListTest" time="4.05"/>
  <testcase classname="Functionality.MainPage" name="Case2_compareScreenshot" time="15.603"/>
  <testcase classname="Functionality.MainPage" name="Case3_ContactUs" time="26.963"/>
  <testcase classname="Functionality.MainPage" name="Case4_PageText" time="14.154"/>
  <testcase classname="Functionality.MainPage" name="Case5_ContactUsValidation" time="17.252"/>
</testsuite> <!-- Default test -->
