<?xml version="1.0" encoding="UTF-8"?>
<!-- Generated by org.testng.reporters.JUnitXMLReporter -->
<testsuite ignored="0" hostname="LP-5CG0275X4Y" failures="0" tests="5" name="Default test" time="102.277" errors="0" timestamp="2023-08-21T13:13:39 IST">
  <testcase classname="Functionality.MainPage" name="Case1_MenuListTest" time="4.627"/>
  <testcase classname="Functionality.MainPage" name="Case2_compareScreenshot" time="16.648"/>
  <testcase classname="Functionality.MainPage" name="Case3_ContactUs" time="28.547"/>
  <testcase classname="Functionality.MainPage" name="Case4_PageText" time="14.39"/>
  <testcase classname="Functionality.MainPage" name="Case5_ContactUsValidation" time="17.784"/>
</testsuite> <!-- Default test -->
