<?xml version="1.0" encoding="UTF-8"?>
<testng-results ignored="0" total="5" passed="5" failed="0" skipped="0">
  <reporter-output>
  </reporter-output>
  <suite started-at="2023-08-21T12:55:17 IST" name="Default suite" finished-at="2023-08-21T12:56:54 IST" duration-ms="97336">
    <groups>
    </groups>
    <test started-at="2023-08-21T12:55:17 IST" name="Default test" finished-at="2023-08-21T12:56:54 IST" duration-ms="97336">
      <class name="Functionality.MainPage">
        <test-method is-config="true" signature="setUp1()[pri:0, instance:Functionality.MainPage@5562c41e]" started-at="2023-08-21T12:55:17 IST" name="setUp1" finished-at="2023-08-21T12:55:17 IST" duration-ms="236" status="PASS">
          <reporter-output>
          </reporter-output>
        </test-method> <!-- setUp1 -->
        <test-method is-config="true" signature="beforeMethod()[pri:0, instance:Functionality.MainPage@5562c41e]" started-at="2023-08-21T12:55:17 IST" name="beforeMethod" finished-at="2023-08-21T12:55:21 IST" duration-ms="3496" status="PASS">
          <reporter-output>
          </reporter-output>
        </test-method> <!-- beforeMethod -->
        <test-method signature="Case1_MenuListTest()[pri:0, instance:Functionality.MainPage@5562c41e]" started-at="2023-08-21T12:55:21 IST" name="Case1_MenuListTest" finished-at="2023-08-21T12:55:25 IST" duration-ms="4050" status="PASS">
          <reporter-output>
          </reporter-output>
        </test-method> <!-- Case1_MenuListTest -->
        <test-method is-config="true" signature="afterMethod()[pri:0, instance:Functionality.MainPage@5562c41e]" started-at="2023-08-21T12:55:25 IST" name="afterMethod" finished-at="2023-08-21T12:55:26 IST" duration-ms="874" status="PASS">
          <reporter-output>
          </reporter-output>
        </test-method> <!-- afterMethod -->
        <test-method is-config="true" signature="beforeMethod()[pri:0, instance:Functionality.MainPage@5562c41e]" started-at="2023-08-21T12:55:26 IST" name="beforeMethod" finished-at="2023-08-21T12:55:29 IST" duration-ms="2653" status="PASS">
          <reporter-output>
          </reporter-output>
        </test-method> <!-- beforeMethod -->
        <test-method signature="Case2_compareScreenshot()[pri:0, instance:Functionality.MainPage@5562c41e]" started-at="2023-08-21T12:55:29 IST" name="Case2_compareScreenshot" finished-at="2023-08-21T12:55:44 IST" duration-ms="15603" status="PASS">
          <reporter-output>
          </reporter-output>
        </test-method> <!-- Case2_compareScreenshot -->
        <test-method is-config="true" signature="afterMethod()[pri:0, instance:Functionality.MainPage@5562c41e]" started-at="2023-08-21T12:55:44 IST" name="afterMethod" finished-at="2023-08-21T12:55:45 IST" duration-ms="1092" status="PASS">
          <reporter-output>
          </reporter-output>
        </test-method> <!-- afterMethod -->
        <test-method is-config="true" signature="beforeMethod()[pri:0, instance:Functionality.MainPage@5562c41e]" started-at="2023-08-21T12:55:45 IST" name="beforeMethod" finished-at="2023-08-21T12:55:48 IST" duration-ms="2310" status="PASS">
          <reporter-output>
          </reporter-output>
        </test-method> <!-- beforeMethod -->
        <test-method signature="Case3_ContactUs()[pri:0, instance:Functionality.MainPage@5562c41e]" started-at="2023-08-21T12:55:48 IST" name="Case3_ContactUs" finished-at="2023-08-21T12:56:14 IST" duration-ms="26963" status="PASS">
          <reporter-output>
          </reporter-output>
        </test-method> <!-- Case3_ContactUs -->
        <test-method is-config="true" signature="afterMethod()[pri:0, instance:Functionality.MainPage@5562c41e]" started-at="2023-08-21T12:56:14 IST" name="afterMethod" finished-at="2023-08-21T12:56:16 IST" duration-ms="1146" status="PASS">
          <reporter-output>
          </reporter-output>
        </test-method> <!-- afterMethod -->
        <test-method is-config="true" signature="beforeMethod()[pri:0, instance:Functionality.MainPage@5562c41e]" started-at="2023-08-21T12:56:16 IST" name="beforeMethod" finished-at="2023-08-21T12:56:18 IST" duration-ms="2614" status="PASS">
          <reporter-output>
          </reporter-output>
        </test-method> <!-- beforeMethod -->
        <test-method signature="Case4_PageText()[pri:0, instance:Functionality.MainPage@5562c41e]" started-at="2023-08-21T12:56:18 IST" name="Case4_PageText" finished-at="2023-08-21T12:56:32 IST" duration-ms="14154" status="PASS">
          <reporter-output>
          </reporter-output>
        </test-method> <!-- Case4_PageText -->
        <test-method is-config="true" signature="afterMethod()[pri:0, instance:Functionality.MainPage@5562c41e]" started-at="2023-08-21T12:56:32 IST" name="afterMethod" finished-at="2023-08-21T12:56:34 IST" duration-ms="1135" status="PASS">
          <reporter-output>
          </reporter-output>
        </test-method> <!-- afterMethod -->
        <test-method is-config="true" signature="beforeMethod()[pri:0, instance:Functionality.MainPage@5562c41e]" started-at="2023-08-21T12:56:34 IST" name="beforeMethod" finished-at="2023-08-21T12:56:36 IST" duration-ms="2319" status="PASS">
          <reporter-output>
          </reporter-output>
        </test-method> <!-- beforeMethod -->
        <test-method signature="Case5_ContactUsValidation()[pri:0, instance:Functionality.MainPage@5562c41e]" started-at="2023-08-21T12:56:36 IST" name="Case5_ContactUsValidation" finished-at="2023-08-21T12:56:53 IST" duration-ms="17252" status="PASS">
          <reporter-output>
          </reporter-output>
        </test-method> <!-- Case5_ContactUsValidation -->
        <test-method is-config="true" signature="afterMethod()[pri:0, instance:Functionality.MainPage@5562c41e]" started-at="2023-08-21T12:56:53 IST" name="afterMethod" finished-at="2023-08-21T12:56:54 IST" duration-ms="980" status="PASS">
          <reporter-output>
          </reporter-output>
        </test-method> <!-- afterMethod -->
        <test-method is-config="true" signature="tearDown1()[pri:0, instance:Functionality.MainPage@5562c41e]" started-at="2023-08-21T12:56:54 IST" name="tearDown1" finished-at="2023-08-21T12:56:54 IST" duration-ms="396" status="PASS">
          <reporter-output>
          </reporter-output>
        </test-method> <!-- tearDown1 -->
      </class> <!-- Functionality.MainPage -->
    </test> <!-- Default test -->
  </suite> <!-- Default suite -->
</testng-results>
